\BOOKMARK [1][-]{section*.1}{Unidades Logar\355tmicas}{}% 1
\BOOKMARK [2][-]{section*.2}{Unidades Derivadas del dB}{section*.1}% 2
\BOOKMARK [2][-]{section*.3}{Niveles}{section*.1}% 3
\BOOKMARK [1][-]{section*.4}{Perturbaciones y Medios de TX}{}% 4
\BOOKMARK [2][-]{section*.5}{Distorsi\363n Lineal}{section*.4}% 5
\BOOKMARK [2][-]{section*.6}{Distorsi\363n No Lineal o Arm\363nica}{section*.4}% 6
\BOOKMARK [2][-]{section*.7}{Intermodulaci\363n}{section*.4}% 7
\BOOKMARK [2][-]{section*.8}{Diafon\355a}{section*.4}% 8
\BOOKMARK [2][-]{section*.9}{Ruido}{section*.4}% 9
\BOOKMARK [3][-]{section*.10}{Ruido T\351rmico}{section*.9}% 10
\BOOKMARK [3][-]{section*.11}{Ruido en un Cuadripolo}{section*.9}% 11
\BOOKMARK [3][-]{section*.12}{Asociaci\363n de Cuadripolos}{section*.9}% 12
\BOOKMARK [1][-]{section*.13}{Tr\341fico}{}% 13
\BOOKMARK [2][-]{section*.14}{Tr\341fico Telef\363nico}{section*.13}% 14
\BOOKMARK [2][-]{section*.15}{Bloqueo - Llamadas Perdidas - GoS - Disponibilidad}{section*.13}% 15
\BOOKMARK [2][-]{section*.16}{Distribuciones Estad\355sticas para Fuentes de Tr\341fico}{section*.13}% 16
\BOOKMARK [2][-]{section*.17}{Modelo de Llamadas Perdidas Despejadas}{section*.13}% 17
\BOOKMARK [3][-]{section*.18}{Modelo LLC \040Erlang-B}{section*.17}% 18
\BOOKMARK [3][-]{section*.19}{Sistemas con Retardo - LCD}{section*.17}% 19
\BOOKMARK [3][-]{section*.20}{Sistemas M/M/N \(Erlang-C\)}{section*.17}% 20
\BOOKMARK [3][-]{section*.21}{Sistemas M/M/1}{section*.17}% 21
\BOOKMARK [3][-]{section*.22}{Sistemas M/D/1}{section*.17}% 22
\BOOKMARK [1][-]{section*.23}{4. Redes de Acceso}{}% 23
\BOOKMARK [2][-]{section*.24}{RDI: Red Digital Integrada}{section*.23}% 24
\BOOKMARK [2][-]{section*.25}{Terminal Telef\363nico}{section*.23}% 25
\BOOKMARK [3][-]{section*.26}{Transmisores y Receptores}{section*.25}% 26
\BOOKMARK [3][-]{section*.27}{El bucle de Abonado}{section*.25}% 27
\BOOKMARK [3][-]{section*.28}{La Bobina de Inducci\363n}{section*.25}% 28
\BOOKMARK [3][-]{section*.29}{El Efecto Local \(Sidetone\)}{section*.25}% 29
\BOOKMARK [3][-]{section*.30}{Alimentaci\363n y llamada}{section*.25}% 30
\BOOKMARK [3][-]{section*.31}{Marcaci\363n}{section*.25}% 31
\BOOKMARK [3][-]{section*.32}{Otros tipos de terminales: M\363dems}{section*.25}% 32
\BOOKMARK [3][-]{section*.33}{Operaci\363n de un Modem}{section*.25}% 33
\BOOKMARK [3][-]{section*.34}{M\363dem V.34}{section*.25}% 34
\BOOKMARK [3][-]{section*.35}{M\363dem V90}{section*.25}% 35
\BOOKMARK [3][-]{section*.36}{Comunicaciones de Facs\355mil a trav\351s de la RTB}{section*.25}% 36
\BOOKMARK [2][-]{section*.37}{Bucle de Abonado}{section*.23}% 37
\BOOKMARK [3][-]{section*.38}{Distribuci\363n entre la central y el abonado}{section*.37}% 38
\BOOKMARK [3][-]{section*.39}{Bridged - Taps}{section*.37}% 39
\BOOKMARK [3][-]{section*.40}{Caracter\355sticas de los cables }{section*.37}% 40
\BOOKMARK [3][-]{section*.41}{Centrales locales: Interfaz con el bucle de abonado}{section*.37}% 41
\BOOKMARK [3][-]{section*.42}{Perturbaciones en el bucle de abonado}{section*.37}% 42
\BOOKMARK [3][-]{section*.43}{Perturbaciones en el bucle de abonado}{section*.37}% 43
\BOOKMARK [3][-]{section*.44}{Atenuaci\363n}{section*.37}% 44
\BOOKMARK [3][-]{section*.45}{DLC \(Digital Loop Carriers\)}{section*.37}% 45
\BOOKMARK [2][-]{section*.46}{ADSL}{section*.23}% 46
\BOOKMARK [3][-]{section*.47}{Arquitectura ADSL}{section*.46}% 47
\BOOKMARK [3][-]{section*.48}{Problemas y Soluciones}{section*.46}% 48
\BOOKMARK [3][-]{section*.49}{ADS Lite - ADSL Spliterless}{section*.46}% 49
\BOOKMARK [2][-]{section*.50}{Sistemas MIC \(PCM\)}{section*.23}% 50
\BOOKMARK [3][-]{section*.51}{Muestreo}{section*.50}% 51
\BOOKMARK [3][-]{section*.52}{Cuantificaci\363n en sistemas MIC}{section*.50}% 52
\BOOKMARK [3][-]{section*.53}{Niveles de entrada al cuantificador}{section*.50}% 53
\BOOKMARK [3][-]{section*.54}{N\372mero de bits de cuantificaci\363n}{section*.50}% 54
\BOOKMARK [3][-]{section*.55}{Sistemas MIC 30 + 2}{section*.50}% 55
\BOOKMARK [3][-]{section*.56}{Codificaci\363n de L\355nea}{section*.50}% 56
\BOOKMARK [3][-]{section*.57}{Eficiencia y Redundancia de C\363digo}{section*.50}% 57
\BOOKMARK [3][-]{section*.58}{Regeneradores}{section*.50}% 58
\BOOKMARK [3][-]{section*.59}{Transmisi\363n a 64 Kbps}{section*.50}% 59
\BOOKMARK [3][-]{section*.60}{ADPCM}{section*.50}% 60
\BOOKMARK [2][-]{section*.61}{Redes de Fibra}{section*.23}% 61
\BOOKMARK [3][-]{section*.62}{ATM Passive Optical Networks \(APON\)}{section*.61}% 62
\BOOKMARK [2][-]{section*.63}{HFC}{section*.23}% 63
\BOOKMARK [2][-]{section*.64}{Acceso Via Radio}{section*.23}% 64
\BOOKMARK [3][-]{section*.65}{Caracter\355sticas de los sistemas PMP}{section*.64}% 65
\BOOKMARK [3][-]{section*.66}{Estructura de la Red}{section*.64}% 66
\BOOKMARK [3][-]{section*.67}{Eficiencia}{section*.64}% 67
\BOOKMARK [3][-]{section*.68}{Modulaciones y Ancho de Banda}{section*.64}% 68
\BOOKMARK [3][-]{section*.69}{MMDS}{section*.64}% 69
\BOOKMARK [3][-]{section*.70}{LMDS}{section*.64}% 70
\BOOKMARK [1][-]{section*.71}{5. Redes Troncales y de Transporte}{}% 71
\BOOKMARK [2][-]{section*.72}{PDH}{section*.71}% 72
\BOOKMARK [3][-]{section*.73}{Introducci\363n}{section*.72}% 73
\BOOKMARK [3][-]{section*.74}{Velocidades PDH}{section*.72}% 74
\BOOKMARK [3][-]{section*.75}{Justificaci\363n o Relleno}{section*.72}% 75
\BOOKMARK [3][-]{section*.76}{Estructura de la trama G.742 - 8 Mbps}{section*.72}% 76
\BOOKMARK [3][-]{section*.77}{Estructura de las tramas G.751 - 34 Mbps}{section*.72}% 77
\BOOKMARK [3][-]{section*.78}{Estructura de las tramas G.751 - 140 Mbps}{section*.72}% 78
\BOOKMARK [3][-]{section*.79}{Velocidades de trama de se\361ales PDH}{section*.72}% 79
\BOOKMARK [3][-]{section*.80}{Tipos de Equipos en redes PDH}{section*.72}% 80
\BOOKMARK [2][-]{section*.81}{SDH}{section*.71}% 81
\BOOKMARK [3][-]{section*.82}{Introducci\363n}{section*.81}% 82
\BOOKMARK [3][-]{section*.83}{Velocidades SDH-SONET}{section*.81}% 83
\BOOKMARK [3][-]{section*.84}{Topolog\355as de Red}{section*.81}% 84
\BOOKMARK [3][-]{section*.85}{Arquitectura SDH}{section*.81}% 85
\BOOKMARK [3][-]{section*.86}{Estructura STM-1/STM-N/STM-Nc}{section*.81}% 86
\BOOKMARK [3][-]{section*.87}{Tara de Secci\363n}{section*.81}% 87
\BOOKMARK [3][-]{section*.88}{Contenedores y Punteros}{section*.81}% 88
\BOOKMARK [3][-]{section*.89}{Multiplexaci\363n y Mapeado de se\361ales PDH sobre SDH}{section*.81}% 89
\BOOKMARK [3][-]{section*.90}{Gesti\363n de red SDH}{section*.81}% 90
\BOOKMARK [3][-]{section*.91}{Protecci\363n en SDH}{section*.81}% 91
\BOOKMARK [3][-]{section*.92}{Sincronismo}{section*.81}% 92
\BOOKMARK [3][-]{section*.93}{Arquitectura de un operador}{section*.81}% 93
\BOOKMARK [3][-]{section*.94}{Tipos de Se\361alizaci\363n}{section*.81}% 94
\BOOKMARK [3][-]{section*.95}{Evoluci\363n de los Sistemas de Se\361alizaci\363n}{section*.81}% 95
\BOOKMARK [3][-]{section*.96}{SS7}{section*.81}% 96
