\BOOKMARK [1][-]{section*.1}{Repaso BJTs}{}% 1
\BOOKMARK [2][-]{section*.2}{Par\341metros}{section*.1}% 2
\BOOKMARK [2][-]{section*.3}{Regiones Operativas}{section*.1}% 3
\BOOKMARK [2][-]{section*.4}{Configuraciones de Montaje}{section*.1}% 4
\BOOKMARK [3][-]{section*.5}{Base Com\372n}{section*.4}% 5
\BOOKMARK [3][-]{section*.6}{Emisor Com\372n}{section*.4}% 6
\BOOKMARK [3][-]{section*.7}{Colector Com\372n}{section*.4}% 7
\BOOKMARK [1][-]{section*.8}{Transistor FET}{}% 8
\BOOKMARK [1][-]{section*.9}{Etapas de Dos Transistores}{}% 9
\BOOKMARK [2][-]{section*.10}{Configuraci\363n en Paralelo}{section*.9}% 10
\BOOKMARK [3][-]{section*.11}{Configuraci\363n Darlington}{section*.10}% 11
\BOOKMARK [3][-]{section*.12}{Amplificador Diferencial}{section*.10}% 12
\BOOKMARK [3][-]{section*.13}{Circuito Cascodo}{section*.10}% 13
\BOOKMARK [3][-]{section*.14}{Etapas CMOS}{section*.10}% 14
\BOOKMARK [1][-]{section*.15}{Amplificadores Multietapa}{}% 15
\BOOKMARK [2][-]{section*.16}{Clasificaci\363n}{section*.15}% 16
\BOOKMARK [3][-]{section*.17}{An\341lisis en Continua}{section*.16}% 17
\BOOKMARK [3][-]{section*.18}{Ganancia en Peque\361a Se\361al}{section*.16}% 18
\BOOKMARK [3][-]{section*.19}{Margen Din\341mico a la Entrada}{section*.16}% 19
\BOOKMARK [1][-]{section*.20}{3. Respuesta en Frecuencia \(aUn no\)}{}% 20
\BOOKMARK [1][-]{section*.21}{4. Fuentes de Corriente y Cargas Activas}{}% 21
\BOOKMARK [2][-]{section*.22}{Introducci\363n y Figura de M\351rito}{section*.21}% 22
\BOOKMARK [3][-]{section*.23}{Configuraciones de Fuentes de Corriente}{section*.22}% 23
\BOOKMARK [3][-]{section*.24}{Cargas Activas}{section*.22}% 24
\BOOKMARK [3][-]{section*.25}{FC y CA con Amplificadores Diferenciales}{section*.22}% 25
\BOOKMARK [3][-]{section*.26}{Polarizaci\363n Independiente de VCC}{section*.22}% 26
\BOOKMARK [3][-]{section*.27}{Desplazador de Nivel}{section*.22}% 27
\BOOKMARK [1][-]{section*.28}{5. Etapas de Potencia}{}% 28
\BOOKMARK [2][-]{section*.29}{Clasificaci\363n}{section*.28}% 29
\BOOKMARK [3][-]{section*.30}{Definiciones}{section*.29}% 30
\BOOKMARK [3][-]{section*.31}{Amplificadores Clase A}{section*.29}% 31
\BOOKMARK [3][-]{section*.32}{Amplificadores Clase B y Clase AB}{section*.29}% 32
\BOOKMARK [3][-]{section*.33}{Consideraciones T\351rmicas}{section*.29}% 33
