\BOOKMARK [1][-]{section*.1}{Transistor BJT}{}% 1
\BOOKMARK [2][-]{section*.2}{Par\303\241metros}{section*.1}% 2
\BOOKMARK [2][-]{section*.3}{Regiones Operativas}{section*.1}% 3
\BOOKMARK [2][-]{section*.4}{Configuraciones de Montaje}{section*.1}% 4
\BOOKMARK [3][-]{section*.5}{Base Com\303\272n}{section*.4}% 5
\BOOKMARK [3][-]{section*.6}{Emisor Com\303\272n}{section*.4}% 6
\BOOKMARK [3][-]{section*.7}{Colector Com\303\272n}{section*.4}% 7
\BOOKMARK [1][-]{section*.8}{Transistor FET}{}% 8
\BOOKMARK [1][-]{section*.9}{1. Etapas de Dos Transistores}{}% 9
\BOOKMARK [2][-]{section*.10}{Configuraci\363n en Paralelo}{section*.9}% 10
\BOOKMARK [3][-]{section*.11}{Configuraci\363n Darlington}{section*.10}% 11
\BOOKMARK [3][-]{section*.12}{Amplificador Diferencial}{section*.10}% 12
\BOOKMARK [3][-]{section*.13}{Circuito Cascodo}{section*.10}% 13
\BOOKMARK [3][-]{section*.14}{Etapas CMOS}{section*.10}% 14
\BOOKMARK [1][-]{section*.15}{2.- Amplificadores Multietapa}{}% 15
\BOOKMARK [2][-]{section*.16}{Clasificaci\363n}{section*.15}% 16
\BOOKMARK [3][-]{section*.17}{An\341lisis en Continua}{section*.16}% 17
\BOOKMARK [3][-]{section*.18}{Ganancia en Peque\361a Se\361al}{section*.16}% 18
\BOOKMARK [3][-]{section*.19}{Margen Din\341mico a la Entrada}{section*.16}% 19
\BOOKMARK [3][-]{section*.20}{Margen din\341mico a la salida}{section*.16}% 20
\BOOKMARK [3][-]{section*.21}{Margen din\341mico a la entrada}{section*.16}% 21
\BOOKMARK [1][-]{section*.22}{3. Respuesta en Frecuencia \(aUn no\)}{}% 22
\BOOKMARK [1][-]{section*.23}{4. Fuentes de Corriente y Cargas Activas}{}% 23
\BOOKMARK [2][-]{section*.24}{Introducci\363n y Figura de M\351rito}{section*.23}% 24
\BOOKMARK [2][-]{section*.25}{Configuraciones de Fuentes de Corriente}{section*.23}% 25
\BOOKMARK [3][-]{section*.26}{Fuente Widlar}{section*.25}% 26
\BOOKMARK [3][-]{section*.27}{Fuente de Cascodo}{section*.25}% 27
\BOOKMARK [3][-]{section*.28}{Fuente de Wilson}{section*.25}% 28
\BOOKMARK [2][-]{section*.29}{Cargas Activas}{section*.23}% 29
\BOOKMARK [2][-]{section*.30}{FC y CA con Amplificadores Diferenciales}{section*.23}% 30
\BOOKMARK [2][-]{section*.31}{Polarizaci\363n Independiente de VCC}{section*.23}% 31
\BOOKMARK [2][-]{section*.32}{Desplazador de Nivel}{section*.23}% 32
\BOOKMARK [1][-]{section*.33}{5. Etapas de Potencia}{}% 33
\BOOKMARK [2][-]{section*.34}{Clasificaci\363n}{section*.33}% 34
\BOOKMARK [3][-]{section*.35}{Definiciones}{section*.34}% 35
\BOOKMARK [3][-]{section*.36}{Amplificadores Clase A}{section*.34}% 36
\BOOKMARK [3][-]{section*.37}{Amplificadores Clase B y Clase AB}{section*.34}% 37
\BOOKMARK [3][-]{section*.38}{Consideraciones T\303\251rmicas}{section*.34}% 38
