\BOOKMARK [1][-]{section*.1}{Circuitos Monof\341sicos}{}% 1
\BOOKMARK [2][-]{section*.2}{R\351gimen Alterno Sinusoidal Permanente}{section*.1}% 2
\BOOKMARK [3][-]{section*.3}{Circuito RLC Serie}{section*.2}% 3
\BOOKMARK [1][-]{section*.4}{Circuitos Trif\341sicos}{}% 4
\BOOKMARK [2][-]{section*.5}{Conexi\363n en Estrella}{section*.4}% 5
\BOOKMARK [2][-]{section*.6}{Conexi\363n en Tri\341ngulo}{section*.4}% 6
\BOOKMARK [3][-]{section*.7}{Relaciones en Circuitos Trif\341sicos}{section*.6}% 7
\BOOKMARK [3][-]{section*.8}{Potencias}{section*.6}% 8
\BOOKMARK [1][-]{section*.9}{CIRCUITOS MAGN\311TICOS}{}% 9
\BOOKMARK [2][-]{section*.10}{Leyes Fundamentales}{section*.9}% 10
\BOOKMARK [2][-]{section*.11}{Transformadores}{section*.9}% 11
\BOOKMARK [3][-]{section*.12}{Transformador monof\341sico ideal en el vac\355o}{section*.11}% 12
\BOOKMARK [3][-]{section*.13}{Transformador monof\341sico ideal en carga}{section*.11}% 13
\BOOKMARK [3][-]{section*.14}{Transformador monof\341sico real en el vac\355o}{section*.11}% 14
\BOOKMARK [3][-]{section*.15}{Transformador monof\341sico real en carga}{section*.11}% 15
\BOOKMARK [3][-]{section*.16}{Circuito Equivalente}{section*.11}% 16
\BOOKMARK [3][-]{section*.17}{Balance de potencias}{section*.11}% 17
\BOOKMARK [2][-]{section*.18}{Transformadores Trif\341sicos}{section*.9}% 18
\BOOKMARK [3][-]{section*.19}{Generador S\355ncrono}{section*.18}% 19
\BOOKMARK [3][-]{section*.20}{Motor As\355ncrono}{section*.18}% 20
