\BOOKMARK [1][-]{section*.1}{Definiciones}{}% 1
\BOOKMARK [2][-]{section*.2}{Electrost\341tica}{section*.1}% 2
\BOOKMARK [2][-]{section*.3}{Corrientes}{section*.1}% 3
\BOOKMARK [2][-]{section*.4}{Magnetismo}{section*.1}% 4
\BOOKMARK [2][-]{section*.5}{Ondas Electromagn\351ticas}{section*.1}% 5
\BOOKMARK [2][-]{section*.6}{Constantes}{section*.1}% 6
\BOOKMARK [1][-]{section*.7}{C\341lculo Vectorial}{}% 7
\BOOKMARK [2][-]{section*.8}{Identidades Vectoriales}{section*.7}% 8
\BOOKMARK [2][-]{section*.9}{Operaciones con Operadores Diferenciales}{section*.7}% 9
\BOOKMARK [2][-]{section*.10}{Gradiente: \040}{section*.7}% 10
\BOOKMARK [2][-]{section*.11}{Divergencia: \040}{section*.7}% 11
\BOOKMARK [2][-]{section*.12}{Rotacional: \040}{section*.7}% 12
\BOOKMARK [2][-]{section*.13}{Teoremas}{section*.7}% 13
\BOOKMARK [1][-]{section*.14}{Cosas que no hay que olvidar}{}% 14
\BOOKMARK [1][-]{section*.15}{Conceptos Generales}{}% 15
\BOOKMARK [2][-]{section*.16}{Carga}{section*.15}% 16
\BOOKMARK [2][-]{section*.17}{Densidades de Carga}{section*.15}% 17
\BOOKMARK [2][-]{section*.18}{Energ\355a Potencial}{section*.15}% 18
\BOOKMARK [1][-]{section*.19}{Electrost\341tica}{}% 19
\BOOKMARK [1][-]{section*.20}{Conductores}{}% 20
\BOOKMARK [2][-]{section*.21}{Condiciones de Contorno}{section*.20}% 21
\BOOKMARK [1][-]{section*.22}{Diel\351ctricos}{}% 22
\BOOKMARK [2][-]{section*.23}{Condiciones de Contorno}{section*.22}% 23
\BOOKMARK [1][-]{section*.24}{Corrientes}{}% 24
\BOOKMARK [1][-]{section*.25}{Magnetismo}{}% 25
\BOOKMARK [1][-]{section*.26}{Electromagnetismo}{}% 26
\BOOKMARK [1][-]{section*.27}{Ecuaciones de Maxwell}{}% 27
\BOOKMARK [1][-]{section*.28}{Ondas Electromagn\351ticas}{}% 28
