\BOOKMARK [1][-]{section*.1}{Unidades Logar\355tmicas}{}% 1
\BOOKMARK [2][-]{section*.2}{Unidades Derivadas del dB}{section*.1}% 2
\BOOKMARK [2][-]{section*.3}{Niveles}{section*.1}% 3
\BOOKMARK [1][-]{section*.4}{Perturbaciones y Medios de TX}{}% 4
\BOOKMARK [2][-]{section*.5}{Distorsi\363n Lineal}{section*.4}% 5
\BOOKMARK [2][-]{section*.6}{Distorsi\363n No Lineal o Arm\363nica}{section*.4}% 6
\BOOKMARK [2][-]{section*.7}{Intermodulaci\363n}{section*.4}% 7
\BOOKMARK [2][-]{section*.8}{Diafon\355a}{section*.4}% 8
\BOOKMARK [2][-]{section*.9}{Ruido}{section*.4}% 9
\BOOKMARK [3][-]{section*.10}{Ruido T\351rmico}{section*.9}% 10
\BOOKMARK [3][-]{section*.11}{Ruido en un Cuadripolo}{section*.9}% 11
\BOOKMARK [3][-]{section*.12}{Asociaci\363n de Cuadripolos}{section*.9}% 12
\BOOKMARK [1][-]{section*.13}{Tr\341fico}{}% 13
\BOOKMARK [2][-]{section*.14}{Tr\341fico Telef\363nico}{section*.13}% 14
\BOOKMARK [2][-]{section*.15}{Bloqueo - Llamadas Perdidas - GoS - Disponibilidad}{section*.13}% 15
\BOOKMARK [2][-]{section*.16}{Distribuciones Estad\355sticas para Fuentes de Tr\341fico}{section*.13}% 16
\BOOKMARK [2][-]{section*.17}{Modelo de Llamadas Perdidas Despejadas}{section*.13}% 17
\BOOKMARK [3][-]{section*.18}{Modelo LLC \040Erlang-B}{section*.17}% 18
\BOOKMARK [3][-]{section*.19}{Sistemas con Retardo - LCD}{section*.17}% 19
\BOOKMARK [3][-]{section*.20}{Sistemas M/M/N \(Erlang-C\)}{section*.17}% 20
\BOOKMARK [3][-]{section*.21}{Sistemas M/M/1}{section*.17}% 21
\BOOKMARK [3][-]{section*.22}{Sistemas M/D/1}{section*.17}% 22
